<?xml version="1.0" encoding="UTF-8"?>
<robot generator="Robot 7.2 (Python 3.9.6 on darwin)" generated="2025-02-01T00:06:04.185323" rpa="false" schemaversion="5">
<suite id="s1" name="Example Test Suite" source="/Users/mareksudol/Projects/robot_framework_playground/tests/example_test_suite.robot">
<test id="s1-t1" name="Test Case 1" line="10">
<kw name="Open Browser" owner="SeleniumLibrary">
<msg time="2025-02-01T00:06:04.291388" level="INFO">Opening browser 'safari' to base url 'https://the-internet.herokuapp.com'.</msg>
<arg>${WEBSITE}</arg>
<arg>safari</arg>
<doc>Opens a new browser instance to the optional ``url``.</doc>
<status status="PASS" start="2025-02-01T00:06:04.291232" elapsed="3.230845"/>
</kw>
<kw name="Maximize Browser Window" owner="SeleniumLibrary">
<doc>Maximizes current browser window.</doc>
<status status="PASS" start="2025-02-01T00:06:07.522934" elapsed="0.021295"/>
</kw>
<kw name="Element Text Should Be" owner="SeleniumLibrary">
<msg time="2025-02-01T00:06:07.547889" level="INFO">Verifying element 'xpath=//*[@id="content"]/h1' contains exact text 'Welcome to the-internet'.</msg>
<arg>xpath=//*[@id="content"]/h1</arg>
<arg>Welcome to the-internet</arg>
<doc>Verifies that element ``locator`` contains exact the text ``expected``.</doc>
<status status="PASS" start="2025-02-01T00:06:07.545151" elapsed="0.011248"/>
</kw>
<doc>Open the-internet in Safari</doc>
<status status="PASS" start="2025-02-01T00:06:04.290574" elapsed="3.266043"/>
</test>
<test id="s1-t2" name="Test Case 2" line="16">
<kw name="Click Element" owner="SeleniumLibrary">
<msg time="2025-02-01T00:06:07.557286" level="INFO">Clicking element 'link=Add/Remove Elements'.</msg>
<arg>link=Add/Remove Elements</arg>
<doc>Click the element identified by ``locator``.</doc>
<status status="PASS" start="2025-02-01T00:06:07.557127" elapsed="0.024999"/>
</kw>
<kw name="Wait Until Element Is Visible" owner="SeleniumLibrary">
<arg>xpath=//*[@id="content"]/h3</arg>
<arg>timeout=3s</arg>
<doc>Waits until the element ``locator`` is visible.</doc>
<status status="PASS" start="2025-02-01T00:06:07.582541" elapsed="0.220511"/>
</kw>
<kw name="Element Text Should Be" owner="SeleniumLibrary">
<msg time="2025-02-01T00:06:07.803883" level="INFO">Verifying element 'xpath=//*[@id="content"]/h3' contains exact text 'Add/Remove Elements'.</msg>
<arg>xpath=//*[@id="content"]/h3</arg>
<arg>Add/Remove Elements</arg>
<doc>Verifies that element ``locator`` contains exact the text ``expected``.</doc>
<status status="PASS" start="2025-02-01T00:06:07.803477" elapsed="0.007359"/>
</kw>
<doc>Click on the Add/Remove Elements link</doc>
<status status="PASS" start="2025-02-01T00:06:07.556855" elapsed="0.254445"/>
</test>
<test id="s1-t3" name="Test Case 3" line="22">
<kw name="Click Element" owner="SeleniumLibrary">
<msg time="2025-02-01T00:06:07.812217" level="INFO">Clicking element 'xpath=//button[text()='Add Element']'.</msg>
<arg>xpath=//button[text()='Add Element']</arg>
<doc>Click the element identified by ``locator``.</doc>
<status status="PASS" start="2025-02-01T00:06:07.812020" elapsed="0.019898"/>
</kw>
<kw name="Wait Until Element Is Visible" owner="SeleniumLibrary">
<arg>xpath=//*[@id="elements"]/button</arg>
<arg>timeout=3s</arg>
<doc>Waits until the element ``locator`` is visible.</doc>
<status status="PASS" start="2025-02-01T00:06:07.832507" elapsed="0.006996"/>
</kw>
<doc>Add a new element</doc>
<status status="PASS" start="2025-02-01T00:06:07.811671" elapsed="0.028018"/>
</test>
<kw name="Close Browser" owner="SeleniumLibrary" type="TEARDOWN">
<doc>Closes the current browser.</doc>
<status status="PASS" start="2025-02-01T00:06:07.840130" elapsed="0.150441"/>
</kw>
<status status="PASS" start="2025-02-01T00:06:04.186143" elapsed="3.804530"/>
</suite>
<statistics>
<total>
<stat pass="3" fail="0" skip="0">All Tests</stat>
</total>
<tag>
</tag>
<suite>
<stat name="Example Test Suite" id="s1" pass="3" fail="0" skip="0">Example Test Suite</stat>
</suite>
</statistics>
<errors>
</errors>
</robot>
