<?xml version="1.0" encoding="UTF-8"?>
<robot generator="Robot 7.2 (Python 3.9.6 on darwin)" generated="2025-01-31T23:20:21.211548" rpa="false" schemaversion="5">
<suite id="s1" name="Example Test" source="/Users/mareksudol/Projects/robot_test_project/tests/example_test.robot">
<test id="s1-t1" name="Open Google in Safari and Search" line="10">
<kw name="Open Browser" owner="SeleniumLibrary">
<msg time="2025-01-31T23:20:21.362425" level="INFO">Opening browser 'safari' to base url 'https://www.google.com'.</msg>
<arg>https://www.google.com</arg>
<arg>safari</arg>
<doc>Opens a new browser instance to the optional ``url``.</doc>
<status status="PASS" start="2025-01-31T23:20:21.362183" elapsed="1.614069"/>
</kw>
<kw name="Maximize Browser Window" owner="SeleniumLibrary">
<doc>Maximizes current browser window.</doc>
<status status="PASS" start="2025-01-31T23:20:22.978763" elapsed="0.021985"/>
</kw>
<kw name="Run Keyword And Ignore Error" owner="BuiltIn">
<kw name="Click Element" owner="SeleniumLibrary">
<msg time="2025-01-31T23:20:23.012502" level="INFO">Clicking element 'xpath=//*[@id="L2AGLb"]'.</msg>
<arg>xpath=//*[@id="L2AGLb"]</arg>
<doc>Click the element identified by ``locator``.</doc>
<status status="PASS" start="2025-01-31T23:20:23.008351" elapsed="0.385227"/>
</kw>
<msg time="2025-01-31T23:20:23.394103" level="INFO">${status} = PASS</msg>
<msg time="2025-01-31T23:20:23.394331" level="INFO">${result} = None</msg>
<var>${status}</var>
<var>${result}</var>
<arg>Click Element</arg>
<arg>xpath=//*[@id="L2AGLb"]</arg>
<doc>Runs the given keyword with the given arguments and ignores possible error.</doc>
<status status="PASS" start="2025-01-31T23:20:23.006019" elapsed="0.388446"/>
</kw>
<kw name="Input Text" owner="SeleniumLibrary">
<msg time="2025-01-31T23:20:23.396087" level="INFO">Typing text 'Robot Framework' into text field 'name=q'.</msg>
<arg>name=q</arg>
<arg>${SEARCH_QUERY}</arg>
<doc>Types the given ``text`` into the text field identified by ``locator``.</doc>
<status status="PASS" start="2025-01-31T23:20:23.395131" elapsed="0.078316"/>
</kw>
<kw name="Press Keys" owner="SeleniumLibrary">
<msg time="2025-01-31T23:20:23.475300" level="INFO">Sending key(s) ('ENTER',) to name=q element.</msg>
<msg time="2025-01-31T23:20:24.237621" level="INFO">Pressing special key ENTER to element.</msg>
<msg time="2025-01-31T23:20:24.238535" level="INFO">Releasing special key ENTER.</msg>
<arg>name=q</arg>
<arg>ENTER</arg>
<doc>Simulates the user pressing key(s) to an element or on the active browser.</doc>
<status status="PASS" start="2025-01-31T23:20:23.474232" elapsed="0.790512"/>
</kw>
<kw name="Run Keyword And Expect Error" owner="BuiltIn">
<kw name="Wait Until Element Is Visible" owner="SeleniumLibrary">
<msg time="2025-01-31T23:20:29.504471" level="INFO" html="true">&lt;/td&gt;&lt;/tr&gt;&lt;tr&gt;&lt;td colspan="3"&gt;&lt;a href="selenium-screenshot-7.png"&gt;&lt;img src="selenium-screenshot-7.png" width="800px"&gt;&lt;/a&gt;</msg>
<msg time="2025-01-31T23:20:29.505649" level="FAIL">Element 'xpath=//div[@id='search']' not visible after 5 seconds.</msg>
<arg>xpath=//div[@id='search']</arg>
<doc>Waits until the element ``locator`` is visible.</doc>
<status status="FAIL" start="2025-01-31T23:20:24.267118" elapsed="5.245592">Element 'xpath=//div[@id='search']' not visible after 5 seconds.</status>
</kw>
<msg time="2025-01-31T23:20:29.513328" level="INFO">${error} = Element 'xpath=//div[@id='search']' not visible after 5 seconds.</msg>
<var>${error}</var>
<arg>*not visible after*</arg>
<arg>Wait Until Element Is Visible</arg>
<arg>xpath=//div[@id='search']</arg>
<doc>Runs the keyword and checks that the expected error occurred.</doc>
<status status="PASS" start="2025-01-31T23:20:24.265877" elapsed="5.247551"/>
</kw>
<kw name="Capture Page Screenshot" owner="SeleniumLibrary">
<msg time="2025-01-31T23:20:29.597301" level="INFO" html="true">&lt;/td&gt;&lt;/tr&gt;&lt;tr&gt;&lt;td colspan="3"&gt;&lt;a href="selenium-screenshot-8.png"&gt;&lt;img src="selenium-screenshot-8.png" width="800px"&gt;&lt;/a&gt;</msg>
<doc>Takes a screenshot of the current page and embeds it into a log file.</doc>
<status status="PASS" start="2025-01-31T23:20:29.514199" elapsed="0.084319"/>
</kw>
<kw name="Close Browser" owner="SeleniumLibrary">
<doc>Closes the current browser.</doc>
<status status="PASS" start="2025-01-31T23:20:29.598993" elapsed="0.224044"/>
</kw>
<status status="PASS" start="2025-01-31T23:20:21.361421" elapsed="8.462215"/>
</test>
<doc>This is an example test in Robot Framework using Selenium</doc>
<status status="PASS" start="2025-01-31T23:20:21.213592" elapsed="8.611300"/>
</suite>
<statistics>
<total>
<stat pass="1" fail="0" skip="0">All Tests</stat>
</total>
<tag>
</tag>
<suite>
<stat name="Example Test" id="s1" pass="1" fail="0" skip="0">Example Test</stat>
</suite>
</statistics>
<errors>
</errors>
</robot>
